Launching language server: /home/neeraj/.vscode-oss/extensions/hashicorp.terraform-2.1.1/lsp/terraform-ls serve
2020/08/17 13:52:48 serve_command.go:137: Starting terraform-ls 0.6.0
2020/08/17 13:52:48 service.go:60: Preparing new session ...
2020/08/17 13:52:48 service.go:77: Worker pool size set to 24
2020/08/17 13:52:48 watcher.go:118: watching for changes ...
2020/08/17 13:52:48 langserver.go:69: Starting server (pid 10988) ...
2020/08/17 13:52:48 server.go:559: Received 1 new requests
2020/08/17 13:52:48 server.go:174: Processing 1 requests
2020/08/17 13:52:48 server.go:256: Checking request for "initialize": {"processId":10747,"rootPath":"/home/neeraj/Work/brandine","rootUri":"file:///home/neeraj/Work/brandine","capabilities":{"workspace":{"applyEdit":true,"workspaceEdit":{"documentChanges":true,"resourceOperations":["create","rename","delete"],"failureHandling":"textOnlyTransactional"},"didChangeConfiguration":{"dynamicRegistration":true},"didChangeWatchedFiles":{"dynamicRegistration":true},"symbol":{"dynamicRegistration":true,"symbolKind":{"valueSet":[1,2,3,4,5,6,7,8,9,10,11,12,13,14,15,16,17,18,19,20,21,22,23,24,25,26]}},"executeCommand":{"dynamicRegistration":true},"configuration":true,"workspaceFolders":true},"textDocument":{"publishDiagnostics":{"relatedInformation":true},"synchronization":{"dynamicRegistration":true,"willSave":true,"willSaveWaitUntil":true,"didSave":true},"completion":{"dynamicRegistration":true,"contextSupport":true,"completionItem":{"snippetSupport":true,"commitCharactersSupport":true,"documentationFormat":["markdown","plaintext"],"deprecatedSupport":true,"preselectSupport":true},"completionItemKind":{"valueSet":[1,2,3,4,5,6,7,8,9,10,11,12,13,14,15,16,17,18,19,20,21,22,23,24,25]}},"hover":{"dynamicRegistration":true,"contentFormat":["markdown","plaintext"]},"signatureHelp":{"dynamicRegistration":true,"signatureInformation":{"documentationFormat":["markdown","plaintext"],"parameterInformation":{"labelOffsetSupport":true}}},"definition":{"dynamicRegistration":true,"linkSupport":true},"references":{"dynamicRegistration":true},"documentHighlight":{"dynamicRegistration":true},"documentSymbol":{"dynamicRegistration":true,"symbolKind":{"valueSet":[1,2,3,4,5,6,7,8,9,10,11,12,13,14,15,16,17,18,19,20,21,22,23,24,25,26]},"hierarchicalDocumentSymbolSupport":true},"codeAction":{"dynamicRegistration":true,"codeActionLiteralSupport":{"codeActionKind":{"valueSet":["","quickfix","refactor","refactor.extract","refactor.inline","refactor.rewrite","source","source.organizeImports"]}}},"codeLens":{"dynamicRegistration":true},"formatting":{"dynamicRegistration":true},"rangeFormatting":{"dynamicRegistration":true},"onTypeFormatting":{"dynamicRegistration":true},"rename":{"dynamicRegistration":true,"prepareSupport":true},"documentLink":{"dynamicRegistration":true},"typeDefinition":{"dynamicRegistration":true,"linkSupport":true},"implementation":{"dynamicRegistration":true,"linkSupport":true},"colorProvider":{"dynamicRegistration":true},"foldingRange":{"dynamicRegistration":true,"rangeLimit":5000,"lineFoldingOnly":true},"declaration":{"dynamicRegistration":true,"linkSupport":true}}},"initializationOptions":{"rootModulePaths":[]},"trace":"off","workspaceFolders":[{"uri":"file:///home/neeraj/Work/brandine","name":"brandine"},{"uri":"file:///home/neeraj/Work/cletus","name":"cletus"},{"uri":"file:///home/neeraj/Work/goofball","name":"goofball"},{"uri":"file:///home/neeraj/Work/mojo-the-helper-monkey","name":"mojo-the-helper-monkey"},{"uri":"file:///home/neeraj/Work/todd","name":"todd"},{"uri":"file:///home/neeraj/Personal/opensource/expirements","name":"expirements"}]}
2020/08/17 13:52:48 rpc_logger.go:29: Incoming request for "initialize" (ID 0): {"processId":10747,"rootPath":"/home/neeraj/Work/brandine","rootUri":"file:///home/neeraj/Work/brandine","capabilities":{"workspace":{"applyEdit":true,"workspaceEdit":{"documentChanges":true,"resourceOperations":["create","rename","delete"],"failureHandling":"textOnlyTransactional"},"didChangeConfiguration":{"dynamicRegistration":true},"didChangeWatchedFiles":{"dynamicRegistration":true},"symbol":{"dynamicRegistration":true,"symbolKind":{"valueSet":[1,2,3,4,5,6,7,8,9,10,11,12,13,14,15,16,17,18,19,20,21,22,23,24,25,26]}},"executeCommand":{"dynamicRegistration":true},"configuration":true,"workspaceFolders":true},"textDocument":{"publishDiagnostics":{"relatedInformation":true},"synchronization":{"dynamicRegistration":true,"willSave":true,"willSaveWaitUntil":true,"didSave":true},"completion":{"dynamicRegistration":true,"contextSupport":true,"completionItem":{"snippetSupport":true,"commitCharactersSupport":true,"documentationFormat":["markdown","plaintext"],"deprecatedSupport":true,"preselectSupport":true},"completionItemKind":{"valueSet":[1,2,3,4,5,6,7,8,9,10,11,12,13,14,15,16,17,18,19,20,21,22,23,24,25]}},"hover":{"dynamicRegistration":true,"contentFormat":["markdown","plaintext"]},"signatureHelp":{"dynamicRegistration":true,"signatureInformation":{"documentationFormat":["markdown","plaintext"],"parameterInformation":{"labelOffsetSupport":true}}},"definition":{"dynamicRegistration":true,"linkSupport":true},"references":{"dynamicRegistration":true},"documentHighlight":{"dynamicRegistration":true},"documentSymbol":{"dynamicRegistration":true,"symbolKind":{"valueSet":[1,2,3,4,5,6,7,8,9,10,11,12,13,14,15,16,17,18,19,20,21,22,23,24,25,26]},"hierarchicalDocumentSymbolSupport":true},"codeAction":{"dynamicRegistration":true,"codeActionLiteralSupport":{"codeActionKind":{"valueSet":["","quickfix","refactor","refactor.extract","refactor.inline","refactor.rewrite","source","source.organizeImports"]}}},"codeLens":{"dynamicRegistration":true},"formatting":{"dynamicRegistration":true},"rangeFormatting":{"dynamicRegistration":true},"onTypeFormatting":{"dynamicRegistration":true},"rename":{"dynamicRegistration":true,"prepareSupport":true},"documentLink":{"dynamicRegistration":true},"typeDefinition":{"dynamicRegistration":true,"linkSupport":true},"implementation":{"dynamicRegistration":true,"linkSupport":true},"colorProvider":{"dynamicRegistration":true},"foldingRange":{"dynamicRegistration":true,"rangeLimit":5000,"lineFoldingOnly":true},"declaration":{"dynamicRegistration":true,"linkSupport":true}}},"initializationOptions":{"rootModulePaths":[]},"trace":"off","workspaceFolders":[{"uri":"file:///home/neeraj/Work/brandine","name":"brandine"},{"uri":"file:///home/neeraj/Work/cletus","name":"cletus"},{"uri":"file:///home/neeraj/Work/goofball","name":"goofball"},{"uri":"file:///home/neeraj/Work/mojo-the-helper-monkey","name":"mojo-the-helper-monkey"},{"uri":"file:///home/neeraj/Work/todd","name":"todd"},{"uri":"file:///home/neeraj/Personal/opensource/expirements","name":"expirements"}]}
2020/08/17 13:52:48 rpc_logger.go:50: Response to "initialize" (ID 0): {"capabilities":{"textDocumentSync":{"openClose":true,"change":2},"completionProvider":{},"documentFormattingProvider":true}}
2020/08/17 13:52:48 server.go:237: Completed 1 requests [962.437µs elapsed]
2020/08/17 13:52:48 walker.go:96: asynchronously walking through /home/neeraj/Work/brandine
2020/08/17 13:52:48 walker.go:152: skipping /home/neeraj/Work/brandine/.git
2020/08/17 13:52:48 walker.go:152: skipping /home/neeraj/Work/brandine/.idea
2020/08/17 13:52:48 server.go:559: Received 1 new requests
2020/08/17 13:52:48 server.go:174: Processing 1 requests
2020/08/17 13:52:48 server.go:256: Checking request for "initialized": {}
2020/08/17 13:52:48 rpc_logger.go:29: Incoming notification for "initialized": {}
2020/08/17 13:52:48 walker.go:158: walking of /home/neeraj/Work/brandine finished
2020/08/17 13:52:48 walker.go:65: stopping walker
2020/08/17 13:52:48 walker.go:102: async walking through /home/neeraj/Work/brandine finished
2020/08/17 13:52:53 service.go:81: Root modules waiting to be loaded: 0
2020/08/17 13:52:58 service.go:81: Root modules waiting to be loaded: 0
2020/08/17 13:53:03 service.go:81: Root modules waiting to be loaded: 0
2020/08/17 13:53:08 service.go:81: Root modules waiting to be loaded: 0
2020/08/17 13:53:13 service.go:81: Root modules waiting to be loaded: 0
2020/08/17 13:53:18 service.go:81: Root modules waiting to be loaded: 0
2020/08/17 13:53:22 server.go:559: Received 1 new requests
2020/08/17 13:53:22 server.go:174: Processing 1 requests
2020/08/17 13:53:22 server.go:256: Checking request for "$/setTraceNotification": {"value":"off"}
2020/08/17 13:53:22 server.go:284: Task error: [-32601] no such method "$/setTraceNotification"
2020/08/17 13:53:23 service.go:81: Root modules waiting to be loaded: 0
2020/08/17 13:53:28 service.go:81: Root modules waiting to be loaded: 0
2020/08/17 13:53:33 service.go:81: Root modules waiting to be loaded: 0
2020/08/17 13:53:38 service.go:81: Root modules waiting to be loaded: 0
2020/08/17 13:53:43 service.go:81: Root modules waiting to be loaded: 0
2020/08/17 13:53:48 service.go:81: Root modules waiting to be loaded: 0
2020/08/17 13:53:51 server.go:559: Received 1 new requests
2020/08/17 13:53:51 server.go:174: Processing 1 requests
2020/08/17 13:53:51 server.go:256: Checking request for "$/setTraceNotification": {"value":"off"}
2020/08/17 13:53:51 server.go:284: Task error: [-32601] no such method "$/setTraceNotification"
2020/08/17 13:53:52 server.go:559: Received 1 new requests
2020/08/17 13:53:52 server.go:174: Processing 1 requests
2020/08/17 13:53:52 server.go:256: Checking request for "$/setTraceNotification": {"value":"off"}
2020/08/17 13:53:52 server.go:284: Task error: [-32601] no such method "$/setTraceNotification"
2020/08/17 13:53:53 service.go:81: Root modules waiting to be loaded: 0
2020/08/17 13:53:58 service.go:81: Root modules waiting to be loaded: 0
2020/08/17 13:54:03 service.go:81: Root modules waiting to be loaded: 0
2020/08/17 13:54:08 service.go:81: Root modules waiting to be loaded: 0
2020/08/17 13:54:13 service.go:81: Root modules waiting to be loaded: 0
2020/08/17 13:54:18 service.go:81: Root modules waiting to be loaded: 0
2020/08/17 13:54:23 service.go:81: Root modules waiting to be loaded: 0
2020/08/17 13:54:28 service.go:81: Root modules waiting to be loaded: 0
2020/08/17 13:54:33 service.go:81: Root modules waiting to be loaded: 0
2020/08/17 13:54:38 service.go:81: Root modules waiting to be loaded: 0
2020/08/17 13:54:43 service.go:81: Root modules waiting to be loaded: 0
2020/08/17 13:54:48 service.go:81: Root modules waiting to be loaded: 0
2020/08/17 13:54:53 service.go:81: Root modules waiting to be loaded: 0
2020/08/17 13:54:58 service.go:81: Root modules waiting to be loaded: 0
2020/08/17 13:55:03 service.go:81: Root modules waiting to be loaded: 0
2020/08/17 13:55:08 service.go:81: Root modules waiting to be loaded: 0
2020/08/17 13:55:13 service.go:81: Root modules waiting to be loaded: 0
2020/08/17 13:55:18 service.go:81: Root modules waiting to be loaded: 0
2020/08/17 13:55:23 service.go:81: Root modules waiting to be loaded: 0
2020/08/17 13:55:28 service.go:81: Root modules waiting to be loaded: 0
2020/08/17 13:55:33 service.go:81: Root modules waiting to be loaded: 0
2020/08/17 13:55:38 service.go:81: Root modules waiting to be loaded: 0
2020/08/17 13:55:43 service.go:81: Root modules waiting to be loaded: 0
2020/08/17 13:55:48 service.go:81: Root modules waiting to be loaded: 0
2020/08/17 13:55:53 service.go:81: Root modules waiting to be loaded: 0
2020/08/17 13:55:58 service.go:81: Root modules waiting to be loaded: 0
2020/08/17 13:56:03 service.go:81: Root modules waiting to be loaded: 0
2020/08/17 13:56:08 service.go:81: Root modules waiting to be loaded: 0
2020/08/17 13:56:13 service.go:81: Root modules waiting to be loaded: 0
2020/08/17 13:56:18 service.go:81: Root modules waiting to be loaded: 0
2020/08/17 13:56:23 service.go:81: Root modules waiting to be loaded: 0
2020/08/17 13:56:28 service.go:81: Root modules waiting to be loaded: 0
2020/08/17 13:56:30 server.go:559: Received 1 new requests
2020/08/17 13:56:30 server.go:174: Processing 1 requests
2020/08/17 13:56:30 server.go:256: Checking request for "$/setTraceNotification": {"value":"off"}
2020/08/17 13:56:30 server.go:284: Task error: [-32601] no such method "$/setTraceNotification"
2020/08/17 13:56:31 server.go:559: Received 1 new requests
2020/08/17 13:56:31 server.go:174: Processing 1 requests
2020/08/17 13:56:31 server.go:256: Checking request for "$/setTraceNotification": {"value":"off"}
2020/08/17 13:56:31 server.go:284: Task error: [-32601] no such method "$/setTraceNotification"
2020/08/17 13:56:33 service.go:81: Root modules waiting to be loaded: 0
2020/08/17 13:56:38 service.go:81: Root modules waiting to be loaded: 0
2020/08/17 13:56:41 server.go:559: Received 1 new requests
2020/08/17 13:56:41 server.go:174: Processing 1 requests
2020/08/17 13:56:41 server.go:256: Checking request for "$/setTraceNotification": {"value":"off"}
2020/08/17 13:56:41 server.go:284: Task error: [-32601] no such method "$/setTraceNotification"
2020/08/17 13:56:43 service.go:81: Root modules waiting to be loaded: 0
2020/08/17 13:56:48 service.go:81: Root modules waiting to be loaded: 0
2020/08/17 13:56:53 service.go:81: Root modules waiting to be loaded: 0
2020/08/17 13:56:58 service.go:81: Root modules waiting to be loaded: 0
2020/08/17 13:57:03 service.go:81: Root modules waiting to be loaded: 0
2020/08/17 13:57:06 server.go:559: Received 1 new requests
2020/08/17 13:57:06 server.go:174: Processing 1 requests
2020/08/17 13:57:06 server.go:256: Checking request for "$/setTraceNotification": {"value":"off"}
2020/08/17 13:57:06 server.go:284: Task error: [-32601] no such method "$/setTraceNotification"
2020/08/17 13:57:08 service.go:81: Root modules waiting to be loaded: 0
2020/08/17 13:57:13 service.go:81: Root modules waiting to be loaded: 0
2020/08/17 13:57:18 service.go:81: Root modules waiting to be loaded: 0
2020/08/17 13:57:23 service.go:81: Root modules waiting to be loaded: 0
2020/08/17 13:57:28 service.go:81: Root modules waiting to be loaded: 0
2020/08/17 13:57:33 service.go:81: Root modules waiting to be loaded: 0
2020/08/17 13:57:38 service.go:81: Root modules waiting to be loaded: 0
2020/08/17 13:57:43 service.go:81: Root modules waiting to be loaded: 0
2020/08/17 13:57:48 service.go:81: Root modules waiting to be loaded: 0
2020/08/17 13:57:53 service.go:81: Root modules waiting to be loaded: 0
2020/08/17 13:57:58 service.go:81: Root modules waiting to be loaded: 0
2020/08/17 13:58:03 service.go:81: Root modules waiting to be loaded: 0
2020/08/17 13:58:08 service.go:81: Root modules waiting to be loaded: 0
2020/08/17 13:58:13 service.go:81: Root modules waiting to be loaded: 0
2020/08/17 13:58:18 service.go:81: Root modules waiting to be loaded: 0
2020/08/17 13:58:23 service.go:81: Root modules waiting to be loaded: 0
2020/08/17 13:58:28 service.go:81: Root modules waiting to be loaded: 0
2020/08/17 13:58:33 service.go:81: Root modules waiting to be loaded: 0
2020/08/17 13:58:38 service.go:81: Root modules waiting to be loaded: 0
2020/08/17 13:58:43 service.go:81: Root modules waiting to be loaded: 0
2020/08/17 13:58:48 service.go:81: Root modules waiting to be loaded: 0
2020/08/17 13:58:53 service.go:81: Root modules waiting to be loaded: 0
2020/08/17 13:58:58 service.go:81: Root modules waiting to be loaded: 0
2020/08/17 13:59:03 service.go:81: Root modules waiting to be loaded: 0
2020/08/17 13:59:08 service.go:81: Root modules waiting to be loaded: 0
2020/08/17 13:59:13 service.go:81: Root modules waiting to be loaded: 0
2020/08/17 13:59:18 service.go:81: Root modules waiting to be loaded: 0
2020/08/17 13:59:23 service.go:81: Root modules waiting to be loaded: 0
2020/08/17 13:59:28 service.go:81: Root modules waiting to be loaded: 0
2020/08/17 13:59:33 service.go:81: Root modules waiting to be loaded: 0
2020/08/17 13:59:38 service.go:81: Root modules waiting to be loaded: 0
2020/08/17 13:59:43 service.go:81: Root modules waiting to be loaded: 0
2020/08/17 13:59:48 service.go:81: Root modules waiting to be loaded: 0
2020/08/17 13:59:53 service.go:81: Root modules waiting to be loaded: 0
2020/08/17 13:59:58 service.go:81: Root modules waiting to be loaded: 0
2020/08/17 14:00:03 service.go:81: Root modules waiting to be loaded: 0
2020/08/17 14:00:08 service.go:81: Root modules waiting to be loaded: 0
2020/08/17 14:00:13 service.go:81: Root modules waiting to be loaded: 0
2020/08/17 14:00:17 server.go:559: Received 1 new requests
2020/08/17 14:00:17 server.go:174: Processing 1 requests
2020/08/17 14:00:17 server.go:256: Checking request for "shutdown": 
2020/08/17 14:00:17 rpc_logger.go:29: Incoming request for "shutdown" (ID 1): 
2020/08/17 14:00:17 service.go:261: stopping walker for session ...
2020/08/17 14:00:17 service.go:263: walker stopped
2020/08/17 14:00:17 service.go:267: stopping watcher for session ...
2020/08/17 14:00:17 service.go:272: watcher stopped
2020/08/17 14:00:17 service.go:277: cancelling any root module loading ...
2020/08/17 14:00:17 service.go:279: root module loading cancelled
2020/08/17 14:00:17 rpc_logger.go:50: Response to "shutdown" (ID 1): null
2020/08/17 14:00:17 server.go:237: Completed 1 requests [7.034078ms elapsed]
2020/08/17 14:00:17 server.go:559: Received 1 new requests
2020/08/17 14:00:17 server.go:174: Processing 1 requests
2020/08/17 14:00:17 server.go:256: Checking request for "exit": 
2020/08/17 14:00:17 rpc_logger.go:29: Incoming notification for "exit": 
