["INFO" - 1:52:47 PM] Extension Name: esbenp.prettier-vscode.
["INFO" - 1:52:47 PM] Extension Version: 5.1.3.
["INFO" - 1:52:47 PM] Loaded module 'prettier@1.19.1' from '/home/neeraj/Work/todd/node_modules/prettier/index.js'
["INFO" - 1:52:47 PM] Enabling prettier for languages
[
  "css",
  "graphql",
  "html",
  "javascript",
  "javascriptreact",
  "json",
  "json5",
  "jsonc",
  "less",
  "markdown",
  "mdx",
  "mongo",
  "postcss",
  "scss",
  "typescript",
  "typescriptreact",
  "vue",
  "yaml"
]
["INFO" - 1:52:47 PM] Enabling prettier for range supported languages
[
  "graphql",
  "javascript",
  "javascriptreact",
  "json",
  "typescript",
  "typescriptreact"
]
