[2020-08-24 12:56:39.594] [renderer1] [error] [File Watcher (node.js)] Error: ENOENT: no such file or directory, stat '/home/neeraj/.vscode-oss/extensions/vscode-icons-team.vscode-icons-10.2.0/dist/src/vsicons-icon-theme.json'
[2020-08-24 12:56:56.238] [renderer1] [error] EACCES: permission denied, open '/usr/share/vscodium-bin/resources/app/extensions/json/package.json': Error: EACCES: permission denied, open '/usr/share/vscodium-bin/resources/app/extensions/json/package.json'
[2020-08-24 12:56:56.238] [renderer1] [error] EACCES: permission denied, open '/usr/share/vscodium-bin/resources/app/extensions/css/package.json': Error: EACCES: permission denied, open '/usr/share/vscodium-bin/resources/app/extensions/css/package.json'
[2020-08-24 12:56:56.238] [renderer1] [error] EACCES: permission denied, open '/usr/share/vscodium-bin/resources/app/extensions/html/package.json': Error: EACCES: permission denied, open '/usr/share/vscodium-bin/resources/app/extensions/html/package.json'
[2020-08-24 12:56:56.239] [renderer1] [error] EACCES: permission denied, open '/usr/share/vscodium-bin/resources/app/extensions/cpp/package.json': Error: EACCES: permission denied, open '/usr/share/vscodium-bin/resources/app/extensions/cpp/package.json'
[2020-08-24 12:56:56.239] [renderer1] [error] EACCES: permission denied, open '/usr/share/vscodium-bin/resources/app/extensions/yaml/package.json': Error: EACCES: permission denied, open '/usr/share/vscodium-bin/resources/app/extensions/yaml/package.json'
[2020-08-24 12:56:56.239] [renderer1] [error] EACCES: permission denied, open '/usr/share/vscodium-bin/resources/app/extensions/docker/package.json': Error: EACCES: permission denied, open '/usr/share/vscodium-bin/resources/app/extensions/docker/package.json'
[2020-08-24 12:56:56.239] [renderer1] [error] EACCES: permission denied, open '/usr/share/vscodium-bin/resources/app/extensions/typescript-language-features/package.json': Error: EACCES: permission denied, open '/usr/share/vscodium-bin/resources/app/extensions/typescript-language-features/package.json'
[2020-08-24 12:56:56.239] [renderer1] [error] EACCES: permission denied, open '/usr/share/vscodium-bin/resources/app/extensions/merge-conflict/package.json': Error: EACCES: permission denied, open '/usr/share/vscodium-bin/resources/app/extensions/merge-conflict/package.json'
[2020-08-24 12:56:56.239] [renderer1] [error] EACCES: permission denied, open '/usr/share/vscodium-bin/resources/app/extensions/typescript-basics/package.json': Error: EACCES: permission denied, open '/usr/share/vscodium-bin/resources/app/extensions/typescript-basics/package.json'
[2020-08-24 12:56:56.239] [renderer1] [error] EACCES: permission denied, open '/usr/share/vscodium-bin/resources/app/extensions/markdown-basics/package.json': Error: EACCES: permission denied, open '/usr/share/vscodium-bin/resources/app/extensions/markdown-basics/package.json'
[2020-08-24 12:56:56.239] [renderer1] [error] EACCES: permission denied, open '/usr/share/vscodium-bin/resources/app/extensions/markdown-language-features/package.json': Error: EACCES: permission denied, open '/usr/share/vscodium-bin/resources/app/extensions/markdown-language-features/package.json'
[2020-08-24 12:56:56.239] [renderer1] [error] EACCES: permission denied, open '/usr/share/vscodium-bin/resources/app/extensions/sql/package.json': Error: EACCES: permission denied, open '/usr/share/vscodium-bin/resources/app/extensions/sql/package.json'
[2020-08-24 12:56:56.239] [renderer1] [error] EACCES: permission denied, open '/usr/share/vscodium-bin/resources/app/extensions/shellscript/package.json': Error: EACCES: permission denied, open '/usr/share/vscodium-bin/resources/app/extensions/shellscript/package.json'
[2020-08-24 12:56:56.239] [renderer1] [error] EACCES: permission denied, open '/usr/share/vscodium-bin/resources/app/extensions/javascript/package.json': Error: EACCES: permission denied, open '/usr/share/vscodium-bin/resources/app/extensions/javascript/package.json'
[2020-08-24 12:56:56.239] [renderer1] [error] EACCES: permission denied, open '/usr/share/vscodium-bin/resources/app/extensions/powershell/package.json': Error: EACCES: permission denied, open '/usr/share/vscodium-bin/resources/app/extensions/powershell/package.json'
[2020-08-24 12:56:56.239] [renderer1] [error] EACCES: permission denied, open '/usr/share/vscodium-bin/resources/app/extensions/xml/package.json': Error: EACCES: permission denied, open '/usr/share/vscodium-bin/resources/app/extensions/xml/package.json'
[2020-08-24 12:56:56.239] [renderer1] [error] EACCES: permission denied, open '/usr/share/vscodium-bin/resources/app/extensions/theme-monokai/package.json': Error: EACCES: permission denied, open '/usr/share/vscodium-bin/resources/app/extensions/theme-monokai/package.json'
[2020-08-24 12:56:56.239] [renderer1] [error] EACCES: permission denied, open '/usr/share/vscodium-bin/resources/app/extensions/java/package.json': Error: EACCES: permission denied, open '/usr/share/vscodium-bin/resources/app/extensions/java/package.json'
[2020-08-24 12:56:56.239] [renderer1] [error] EACCES: permission denied, open '/usr/share/vscodium-bin/resources/app/extensions/debug-auto-launch/package.json': Error: EACCES: permission denied, open '/usr/share/vscodium-bin/resources/app/extensions/debug-auto-launch/package.json'
[2020-08-24 12:56:56.240] [renderer1] [error] EACCES: permission denied, open '/usr/share/vscodium-bin/resources/app/extensions/configuration-editing/package.json': Error: EACCES: permission denied, open '/usr/share/vscodium-bin/resources/app/extensions/configuration-editing/package.json'
[2020-08-24 12:56:56.240] [renderer1] [error] EACCES: permission denied, open '/usr/share/vscodium-bin/resources/app/extensions/log/package.json': Error: EACCES: permission denied, open '/usr/share/vscodium-bin/resources/app/extensions/log/package.json'
[2020-08-24 12:56:56.240] [renderer1] [error] EACCES: permission denied, open '/usr/share/vscodium-bin/resources/app/extensions/bat/package.json': Error: EACCES: permission denied, open '/usr/share/vscodium-bin/resources/app/extensions/bat/package.json'
[2020-08-24 12:56:56.240] [renderer1] [error] EACCES: permission denied, open '/usr/share/vscodium-bin/resources/app/extensions/make/package.json': Error: EACCES: permission denied, open '/usr/share/vscodium-bin/resources/app/extensions/make/package.json'
[2020-08-24 12:56:56.240] [renderer1] [error] EACCES: permission denied, open '/usr/share/vscodium-bin/resources/app/extensions/theme-tomorrow-night-blue/package.json': Error: EACCES: permission denied, open '/usr/share/vscodium-bin/resources/app/extensions/theme-tomorrow-night-blue/package.json'
[2020-08-24 12:56:56.240] [renderer1] [error] EACCES: permission denied, open '/usr/share/vscodium-bin/resources/app/extensions/theme-red/package.json': Error: EACCES: permission denied, open '/usr/share/vscodium-bin/resources/app/extensions/theme-red/package.json'
[2020-08-24 12:56:56.240] [renderer1] [error] EACCES: permission denied, open '/usr/share/vscodium-bin/resources/app/extensions/theme-abyss/package.json': Error: EACCES: permission denied, open '/usr/share/vscodium-bin/resources/app/extensions/theme-abyss/package.json'
[2020-08-24 12:56:56.240] [renderer1] [error] EACCES: permission denied, open '/usr/share/vscodium-bin/resources/app/extensions/theme-solarized-dark/package.json': Error: EACCES: permission denied, open '/usr/share/vscodium-bin/resources/app/extensions/theme-solarized-dark/package.json'
[2020-08-24 12:56:56.240] [renderer1] [error] EACCES: permission denied, open '/usr/share/vscodium-bin/resources/app/extensions/theme-kimbie-dark/package.json': Error: EACCES: permission denied, open '/usr/share/vscodium-bin/resources/app/extensions/theme-kimbie-dark/package.json'
[2020-08-24 12:56:56.240] [renderer1] [error] EACCES: permission denied, open '/usr/share/vscodium-bin/resources/app/extensions/theme-defaults/package.json': Error: EACCES: permission denied, open '/usr/share/vscodium-bin/resources/app/extensions/theme-defaults/package.json'
[2020-08-24 12:56:56.240] [renderer1] [error] EACCES: permission denied, open '/usr/share/vscodium-bin/resources/app/extensions/handlebars/package.json': Error: EACCES: permission denied, open '/usr/share/vscodium-bin/resources/app/extensions/handlebars/package.json'
[2020-08-24 12:56:56.240] [renderer1] [error] EACCES: permission denied, open '/usr/share/vscodium-bin/resources/app/extensions/less/package.json': Error: EACCES: permission denied, open '/usr/share/vscodium-bin/resources/app/extensions/less/package.json'
[2020-08-24 12:56:56.240] [renderer1] [error] EACCES: permission denied, open '/usr/share/vscodium-bin/resources/app/extensions/theme-quietlight/package.json': Error: EACCES: permission denied, open '/usr/share/vscodium-bin/resources/app/extensions/theme-quietlight/package.json'
[2020-08-24 12:56:56.240] [renderer1] [error] EACCES: permission denied, open '/usr/share/vscodium-bin/resources/app/extensions/go/package.json': Error: EACCES: permission denied, open '/usr/share/vscodium-bin/resources/app/extensions/go/package.json'
[2020-08-24 12:56:56.240] [renderer1] [error] EACCES: permission denied, open '/usr/share/vscodium-bin/resources/app/extensions/theme-monokai-dimmed/package.json': Error: EACCES: permission denied, open '/usr/share/vscodium-bin/resources/app/extensions/theme-monokai-dimmed/package.json'
[2020-08-24 12:56:56.240] [renderer1] [error] EACCES: permission denied, open '/usr/share/vscodium-bin/resources/app/extensions/npm/package.json': Error: EACCES: permission denied, open '/usr/share/vscodium-bin/resources/app/extensions/npm/package.json'
[2020-08-24 12:56:56.240] [renderer1] [error] EACCES: permission denied, open '/usr/share/vscodium-bin/resources/app/extensions/clojure/package.json': Error: EACCES: permission denied, open '/usr/share/vscodium-bin/resources/app/extensions/clojure/package.json'
[2020-08-24 12:56:56.240] [renderer1] [error] EACCES: permission denied, open '/usr/share/vscodium-bin/resources/app/extensions/theme-seti/package.json': Error: EACCES: permission denied, open '/usr/share/vscodium-bin/resources/app/extensions/theme-seti/package.json'
[2020-08-24 12:56:56.240] [renderer1] [error] EACCES: permission denied, open '/usr/share/vscodium-bin/resources/app/extensions/groovy/package.json': Error: EACCES: permission denied, open '/usr/share/vscodium-bin/resources/app/extensions/groovy/package.json'
[2020-08-24 12:56:56.240] [renderer1] [error] EACCES: permission denied, open '/usr/share/vscodium-bin/resources/app/extensions/scss/package.json': Error: EACCES: permission denied, open '/usr/share/vscodium-bin/resources/app/extensions/scss/package.json'
[2020-08-24 12:56:56.240] [renderer1] [error] EACCES: permission denied, open '/usr/share/vscodium-bin/resources/app/extensions/coffeescript/package.json': Error: EACCES: permission denied, open '/usr/share/vscodium-bin/resources/app/extensions/coffeescript/package.json'
[2020-08-24 12:56:56.240] [renderer1] [error] EACCES: permission denied, open '/usr/share/vscodium-bin/resources/app/extensions/emmet/package.json': Error: EACCES: permission denied, open '/usr/share/vscodium-bin/resources/app/extensions/emmet/package.json'
[2020-08-24 12:56:56.240] [renderer1] [error] EACCES: permission denied, open '/usr/share/vscodium-bin/resources/app/extensions/perl/package.json': Error: EACCES: permission denied, open '/usr/share/vscodium-bin/resources/app/extensions/perl/package.json'
[2020-08-24 12:56:56.241] [renderer1] [error] EACCES: permission denied, open '/usr/share/vscodium-bin/resources/app/extensions/pug/package.json': Error: EACCES: permission denied, open '/usr/share/vscodium-bin/resources/app/extensions/pug/package.json'
[2020-08-24 12:56:56.241] [renderer1] [error] EACCES: permission denied, open '/usr/share/vscodium-bin/resources/app/extensions/jake/package.json': Error: EACCES: permission denied, open '/usr/share/vscodium-bin/resources/app/extensions/jake/package.json'
[2020-08-24 12:56:56.241] [renderer1] [error] EACCES: permission denied, open '/usr/share/vscodium-bin/resources/app/extensions/gulp/package.json': Error: EACCES: permission denied, open '/usr/share/vscodium-bin/resources/app/extensions/gulp/package.json'
[2020-08-24 12:56:56.241] [renderer1] [error] EACCES: permission denied, open '/usr/share/vscodium-bin/resources/app/extensions/grunt/package.json': Error: EACCES: permission denied, open '/usr/share/vscodium-bin/resources/app/extensions/grunt/package.json'
[2020-08-24 12:57:29.537] [renderer1] [error] EACCES: permission denied, open '/usr/share/vscodium-bin/resources/app/extensions/image-preview/package.json': Error: EACCES: permission denied, open '/usr/share/vscodium-bin/resources/app/extensions/image-preview/package.json'
[2020-08-24 12:57:50.716] [renderer1] [error] EACCES: permission denied, open '/usr/share/vscodium-bin/resources/app/extensions/gulp/package.json': Error: EACCES: permission denied, open '/usr/share/vscodium-bin/resources/app/extensions/gulp/package.json'
[2020-08-24 12:58:24.554] [renderer1] [error] EACCES: permission denied, open '/usr/share/vscodium-bin/resources/app/extensions/json/package.json': Error: EACCES: permission denied, open '/usr/share/vscodium-bin/resources/app/extensions/json/package.json'
[2020-08-24 12:58:24.554] [renderer1] [error] EACCES: permission denied, open '/usr/share/vscodium-bin/resources/app/extensions/css/package.json': Error: EACCES: permission denied, open '/usr/share/vscodium-bin/resources/app/extensions/css/package.json'
[2020-08-24 12:58:24.554] [renderer1] [error] EACCES: permission denied, open '/usr/share/vscodium-bin/resources/app/extensions/html/package.json': Error: EACCES: permission denied, open '/usr/share/vscodium-bin/resources/app/extensions/html/package.json'
[2020-08-24 12:58:24.554] [renderer1] [error] EACCES: permission denied, open '/usr/share/vscodium-bin/resources/app/extensions/yaml/package.json': Error: EACCES: permission denied, open '/usr/share/vscodium-bin/resources/app/extensions/yaml/package.json'
[2020-08-24 12:58:24.554] [renderer1] [error] EACCES: permission denied, open '/usr/share/vscodium-bin/resources/app/extensions/cpp/package.json': Error: EACCES: permission denied, open '/usr/share/vscodium-bin/resources/app/extensions/cpp/package.json'
[2020-08-24 12:58:24.554] [renderer1] [error] EACCES: permission denied, open '/usr/share/vscodium-bin/resources/app/extensions/docker/package.json': Error: EACCES: permission denied, open '/usr/share/vscodium-bin/resources/app/extensions/docker/package.json'
[2020-08-24 12:58:24.554] [renderer1] [error] EACCES: permission denied, open '/usr/share/vscodium-bin/resources/app/extensions/typescript-language-features/package.json': Error: EACCES: permission denied, open '/usr/share/vscodium-bin/resources/app/extensions/typescript-language-features/package.json'
[2020-08-24 12:58:24.555] [renderer1] [error] EACCES: permission denied, open '/usr/share/vscodium-bin/resources/app/extensions/typescript-basics/package.json': Error: EACCES: permission denied, open '/usr/share/vscodium-bin/resources/app/extensions/typescript-basics/package.json'
[2020-08-24 12:58:24.555] [renderer1] [error] EACCES: permission denied, open '/usr/share/vscodium-bin/resources/app/extensions/merge-conflict/package.json': Error: EACCES: permission denied, open '/usr/share/vscodium-bin/resources/app/extensions/merge-conflict/package.json'
[2020-08-24 12:58:24.555] [renderer1] [error] EACCES: permission denied, open '/usr/share/vscodium-bin/resources/app/extensions/markdown-basics/package.json': Error: EACCES: permission denied, open '/usr/share/vscodium-bin/resources/app/extensions/markdown-basics/package.json'
[2020-08-24 12:58:24.555] [renderer1] [error] EACCES: permission denied, open '/usr/share/vscodium-bin/resources/app/extensions/markdown-language-features/package.json': Error: EACCES: permission denied, open '/usr/share/vscodium-bin/resources/app/extensions/markdown-language-features/package.json'
[2020-08-24 12:58:24.555] [renderer1] [error] EACCES: permission denied, open '/usr/share/vscodium-bin/resources/app/extensions/sql/package.json': Error: EACCES: permission denied, open '/usr/share/vscodium-bin/resources/app/extensions/sql/package.json'
[2020-08-24 12:58:24.555] [renderer1] [error] EACCES: permission denied, open '/usr/share/vscodium-bin/resources/app/extensions/shellscript/package.json': Error: EACCES: permission denied, open '/usr/share/vscodium-bin/resources/app/extensions/shellscript/package.json'
[2020-08-24 12:58:24.555] [renderer1] [error] EACCES: permission denied, open '/usr/share/vscodium-bin/resources/app/extensions/javascript/package.json': Error: EACCES: permission denied, open '/usr/share/vscodium-bin/resources/app/extensions/javascript/package.json'
[2020-08-24 12:58:24.555] [renderer1] [error] EACCES: permission denied, open '/usr/share/vscodium-bin/resources/app/extensions/powershell/package.json': Error: EACCES: permission denied, open '/usr/share/vscodium-bin/resources/app/extensions/powershell/package.json'
[2020-08-24 12:58:24.555] [renderer1] [error] EACCES: permission denied, open '/usr/share/vscodium-bin/resources/app/extensions/xml/package.json': Error: EACCES: permission denied, open '/usr/share/vscodium-bin/resources/app/extensions/xml/package.json'
[2020-08-24 12:58:24.555] [renderer1] [error] EACCES: permission denied, open '/usr/share/vscodium-bin/resources/app/extensions/theme-monokai/package.json': Error: EACCES: permission denied, open '/usr/share/vscodium-bin/resources/app/extensions/theme-monokai/package.json'
[2020-08-24 12:58:24.555] [renderer1] [error] EACCES: permission denied, open '/usr/share/vscodium-bin/resources/app/extensions/java/package.json': Error: EACCES: permission denied, open '/usr/share/vscodium-bin/resources/app/extensions/java/package.json'
[2020-08-24 12:58:24.555] [renderer1] [error] EACCES: permission denied, open '/usr/share/vscodium-bin/resources/app/extensions/debug-auto-launch/package.json': Error: EACCES: permission denied, open '/usr/share/vscodium-bin/resources/app/extensions/debug-auto-launch/package.json'
[2020-08-24 12:58:24.555] [renderer1] [error] EACCES: permission denied, open '/usr/share/vscodium-bin/resources/app/extensions/configuration-editing/package.json': Error: EACCES: permission denied, open '/usr/share/vscodium-bin/resources/app/extensions/configuration-editing/package.json'
[2020-08-24 12:58:24.555] [renderer1] [error] EACCES: permission denied, open '/usr/share/vscodium-bin/resources/app/extensions/log/package.json': Error: EACCES: permission denied, open '/usr/share/vscodium-bin/resources/app/extensions/log/package.json'
[2020-08-24 12:58:24.555] [renderer1] [error] EACCES: permission denied, open '/usr/share/vscodium-bin/resources/app/extensions/bat/package.json': Error: EACCES: permission denied, open '/usr/share/vscodium-bin/resources/app/extensions/bat/package.json'
[2020-08-24 12:58:24.555] [renderer1] [error] EACCES: permission denied, open '/usr/share/vscodium-bin/resources/app/extensions/make/package.json': Error: EACCES: permission denied, open '/usr/share/vscodium-bin/resources/app/extensions/make/package.json'
[2020-08-24 12:58:24.555] [renderer1] [error] EACCES: permission denied, open '/usr/share/vscodium-bin/resources/app/extensions/theme-tomorrow-night-blue/package.json': Error: EACCES: permission denied, open '/usr/share/vscodium-bin/resources/app/extensions/theme-tomorrow-night-blue/package.json'
[2020-08-24 12:58:24.555] [renderer1] [error] EACCES: permission denied, open '/usr/share/vscodium-bin/resources/app/extensions/theme-abyss/package.json': Error: EACCES: permission denied, open '/usr/share/vscodium-bin/resources/app/extensions/theme-abyss/package.json'
[2020-08-24 12:58:24.555] [renderer1] [error] EACCES: permission denied, open '/usr/share/vscodium-bin/resources/app/extensions/theme-red/package.json': Error: EACCES: permission denied, open '/usr/share/vscodium-bin/resources/app/extensions/theme-red/package.json'
[2020-08-24 12:58:24.556] [renderer1] [error] EACCES: permission denied, open '/usr/share/vscodium-bin/resources/app/extensions/theme-solarized-dark/package.json': Error: EACCES: permission denied, open '/usr/share/vscodium-bin/resources/app/extensions/theme-solarized-dark/package.json'
[2020-08-24 12:58:24.556] [renderer1] [error] EACCES: permission denied, open '/usr/share/vscodium-bin/resources/app/extensions/theme-kimbie-dark/package.json': Error: EACCES: permission denied, open '/usr/share/vscodium-bin/resources/app/extensions/theme-kimbie-dark/package.json'
[2020-08-24 12:58:24.556] [renderer1] [error] EACCES: permission denied, open '/usr/share/vscodium-bin/resources/app/extensions/theme-defaults/package.json': Error: EACCES: permission denied, open '/usr/share/vscodium-bin/resources/app/extensions/theme-defaults/package.json'
[2020-08-24 12:58:24.556] [renderer1] [error] EACCES: permission denied, open '/usr/share/vscodium-bin/resources/app/extensions/handlebars/package.json': Error: EACCES: permission denied, open '/usr/share/vscodium-bin/resources/app/extensions/handlebars/package.json'
[2020-08-24 12:58:24.556] [renderer1] [error] EACCES: permission denied, open '/usr/share/vscodium-bin/resources/app/extensions/less/package.json': Error: EACCES: permission denied, open '/usr/share/vscodium-bin/resources/app/extensions/less/package.json'
[2020-08-24 12:58:24.556] [renderer1] [error] EACCES: permission denied, open '/usr/share/vscodium-bin/resources/app/extensions/theme-quietlight/package.json': Error: EACCES: permission denied, open '/usr/share/vscodium-bin/resources/app/extensions/theme-quietlight/package.json'
[2020-08-24 12:58:24.556] [renderer1] [error] EACCES: permission denied, open '/usr/share/vscodium-bin/resources/app/extensions/go/package.json': Error: EACCES: permission denied, open '/usr/share/vscodium-bin/resources/app/extensions/go/package.json'
[2020-08-24 12:58:24.556] [renderer1] [error] EACCES: permission denied, open '/usr/share/vscodium-bin/resources/app/extensions/theme-monokai-dimmed/package.json': Error: EACCES: permission denied, open '/usr/share/vscodium-bin/resources/app/extensions/theme-monokai-dimmed/package.json'
[2020-08-24 12:58:24.556] [renderer1] [error] EACCES: permission denied, open '/usr/share/vscodium-bin/resources/app/extensions/npm/package.json': Error: EACCES: permission denied, open '/usr/share/vscodium-bin/resources/app/extensions/npm/package.json'
[2020-08-24 12:58:24.556] [renderer1] [error] EACCES: permission denied, open '/usr/share/vscodium-bin/resources/app/extensions/clojure/package.json': Error: EACCES: permission denied, open '/usr/share/vscodium-bin/resources/app/extensions/clojure/package.json'
[2020-08-24 12:58:24.556] [renderer1] [error] EACCES: permission denied, open '/usr/share/vscodium-bin/resources/app/extensions/theme-seti/package.json': Error: EACCES: permission denied, open '/usr/share/vscodium-bin/resources/app/extensions/theme-seti/package.json'
[2020-08-24 12:58:24.556] [renderer1] [error] EACCES: permission denied, open '/usr/share/vscodium-bin/resources/app/extensions/groovy/package.json': Error: EACCES: permission denied, open '/usr/share/vscodium-bin/resources/app/extensions/groovy/package.json'
[2020-08-24 12:58:24.556] [renderer1] [error] EACCES: permission denied, open '/usr/share/vscodium-bin/resources/app/extensions/scss/package.json': Error: EACCES: permission denied, open '/usr/share/vscodium-bin/resources/app/extensions/scss/package.json'
[2020-08-24 12:58:24.556] [renderer1] [error] EACCES: permission denied, open '/usr/share/vscodium-bin/resources/app/extensions/coffeescript/package.json': Error: EACCES: permission denied, open '/usr/share/vscodium-bin/resources/app/extensions/coffeescript/package.json'
[2020-08-24 12:58:24.556] [renderer1] [error] EACCES: permission denied, open '/usr/share/vscodium-bin/resources/app/extensions/emmet/package.json': Error: EACCES: permission denied, open '/usr/share/vscodium-bin/resources/app/extensions/emmet/package.json'
[2020-08-24 12:58:24.556] [renderer1] [error] EACCES: permission denied, open '/usr/share/vscodium-bin/resources/app/extensions/perl/package.json': Error: EACCES: permission denied, open '/usr/share/vscodium-bin/resources/app/extensions/perl/package.json'
[2020-08-24 12:58:24.556] [renderer1] [error] EACCES: permission denied, open '/usr/share/vscodium-bin/resources/app/extensions/pug/package.json': Error: EACCES: permission denied, open '/usr/share/vscodium-bin/resources/app/extensions/pug/package.json'
[2020-08-24 12:58:24.556] [renderer1] [error] EACCES: permission denied, open '/usr/share/vscodium-bin/resources/app/extensions/jake/package.json': Error: EACCES: permission denied, open '/usr/share/vscodium-bin/resources/app/extensions/jake/package.json'
[2020-08-24 12:58:24.556] [renderer1] [error] EACCES: permission denied, open '/usr/share/vscodium-bin/resources/app/extensions/gulp/package.json': Error: EACCES: permission denied, open '/usr/share/vscodium-bin/resources/app/extensions/gulp/package.json'
[2020-08-24 12:58:24.556] [renderer1] [error] EACCES: permission denied, open '/usr/share/vscodium-bin/resources/app/extensions/grunt/package.json': Error: EACCES: permission denied, open '/usr/share/vscodium-bin/resources/app/extensions/grunt/package.json'
[2020-08-24 13:00:38.187] [renderer1] [error] EACCES: permission denied, open '/usr/share/vscodium-bin/resources/app/extensions/python/package.json': Error: EACCES: permission denied, open '/usr/share/vscodium-bin/resources/app/extensions/python/package.json'
