[2020-08-17 14:00:25.588] [sharedprocess] [info] main {"machineId":"94f186d31841a2c02de970aecc969b3d098c2f943792d9aa37c44b41ee080c49","windowId":2}
[2020-08-17 14:00:49.846] [sharedprocess] [info] Installing extension: dbaeumer.vscode-eslint
[2020-08-17 14:00:50.954] [sharedprocess] [info] Downloaded extension: dbaeumer.vscode-eslint /home/neeraj/.config/VSCodium/CachedExtensionVSIXs/dbaeumer.vscode-eslint-2.1.3
[2020-08-17 14:00:51.007] [sharedprocess] [info] Extracted extension to /home/neeraj/.vscode-oss/extensions/.dbaeumer.vscode-eslint-2.1.3: dbaeumer.vscode-eslint
[2020-08-17 14:00:51.008] [sharedprocess] [info] Renamed to /home/neeraj/.vscode-oss/extensions/dbaeumer.vscode-eslint-2.1.3
[2020-08-17 14:00:51.008] [sharedprocess] [info] Installation completed. dbaeumer.vscode-eslint
[2020-08-17 14:00:51.069] [sharedprocess] [info] Extensions installed successfully: dbaeumer.vscode-eslint
[2020-08-17 14:01:00.257] [sharedprocess] [info] Installing extension: esbenp.prettier-vscode
[2020-08-17 14:01:02.817] [sharedprocess] [info] Downloaded extension: esbenp.prettier-vscode /home/neeraj/.config/VSCodium/CachedExtensionVSIXs/esbenp.prettier-vscode-5.1.3
[2020-08-17 14:01:02.983] [sharedprocess] [info] Extracted extension to /home/neeraj/.vscode-oss/extensions/.esbenp.prettier-vscode-5.1.3: esbenp.prettier-vscode
[2020-08-17 14:01:02.983] [sharedprocess] [info] Renamed to /home/neeraj/.vscode-oss/extensions/esbenp.prettier-vscode-5.1.3
[2020-08-17 14:01:02.984] [sharedprocess] [info] Installation completed. esbenp.prettier-vscode
[2020-08-17 14:01:03.032] [sharedprocess] [info] Extensions installed successfully: esbenp.prettier-vscode
[2020-08-17 14:01:05.600] [sharedprocess] [info] Starting to clean up unused language packs.
[2020-08-17 14:01:25.960] [sharedprocess] [info] Installing extension: zhuangtongfa.material-theme
[2020-08-17 14:01:26.767] [sharedprocess] [info] Downloaded extension: zhuangtongfa.material-theme /home/neeraj/.config/VSCodium/CachedExtensionVSIXs/zhuangtongfa.material-theme-3.8.5
[2020-08-17 14:01:26.838] [sharedprocess] [info] Extracted extension to /home/neeraj/.vscode-oss/extensions/.zhuangtongfa.material-theme-3.8.5: zhuangtongfa.material-theme
[2020-08-17 14:01:26.838] [sharedprocess] [info] Renamed to /home/neeraj/.vscode-oss/extensions/zhuangtongfa.material-theme-3.8.5
[2020-08-17 14:01:26.839] [sharedprocess] [info] Installation completed. zhuangtongfa.material-theme
[2020-08-17 14:01:26.894] [sharedprocess] [info] Extensions installed successfully: zhuangtongfa.material-theme
[2020-08-17 14:01:42.288] [sharedprocess] [info] Installing extension: eamodio.gitlens
[2020-08-17 14:01:47.243] [sharedprocess] [info] Downloaded extension: eamodio.gitlens /home/neeraj/.config/VSCodium/CachedExtensionVSIXs/eamodio.gitlens-10.2.1
[2020-08-17 14:01:47.488] [sharedprocess] [info] Extracted extension to /home/neeraj/.vscode-oss/extensions/.eamodio.gitlens-10.2.1: eamodio.gitlens
[2020-08-17 14:01:47.488] [sharedprocess] [info] Renamed to /home/neeraj/.vscode-oss/extensions/eamodio.gitlens-10.2.1
[2020-08-17 14:01:47.493] [sharedprocess] [info] Installation completed. eamodio.gitlens
[2020-08-17 14:01:47.647] [sharedprocess] [info] Extensions installed successfully: eamodio.gitlens
[2020-08-17 14:02:16.328] [sharedprocess] [info] Installing extension: ms-python.python
[2020-08-17 14:02:22.400] [sharedprocess] [info] Downloaded extension: ms-python.python /home/neeraj/.config/VSCodium/CachedExtensionVSIXs/ms-python.python-2020.8.101144
[2020-08-17 14:02:24.431] [sharedprocess] [info] Extracted extension to /home/neeraj/.vscode-oss/extensions/.ms-python.python-2020.8.101144: ms-python.python
[2020-08-17 14:02:24.431] [sharedprocess] [info] Renamed to /home/neeraj/.vscode-oss/extensions/ms-python.python-2020.8.101144
[2020-08-17 14:02:24.435] [sharedprocess] [info] Installation completed. ms-python.python
[2020-08-17 14:02:24.632] [sharedprocess] [info] Extensions installed successfully: ms-python.python
