Launching language server: /home/neeraj/.vscode-oss/extensions/hashicorp.terraform-2.1.1/lsp/terraform-ls serve
2020/08/17 13:50:21 serve_command.go:137: Starting terraform-ls 0.6.0
2020/08/17 13:50:21 service.go:60: Preparing new session ...
2020/08/17 13:50:21 service.go:77: Worker pool size set to 24
2020/08/17 13:50:21 watcher.go:118: watching for changes ...
2020/08/17 13:50:21 langserver.go:69: Starting server (pid 6816) ...
2020/08/17 13:50:21 server.go:559: Received 1 new requests
2020/08/17 13:50:21 server.go:174: Processing 1 requests
2020/08/17 13:50:21 server.go:256: Checking request for "initialize": {"processId":6626,"rootPath":"/home/neeraj/Work/brandine","rootUri":"file:///home/neeraj/Work/brandine","capabilities":{"workspace":{"applyEdit":true,"workspaceEdit":{"documentChanges":true,"resourceOperations":["create","rename","delete"],"failureHandling":"textOnlyTransactional"},"didChangeConfiguration":{"dynamicRegistration":true},"didChangeWatchedFiles":{"dynamicRegistration":true},"symbol":{"dynamicRegistration":true,"symbolKind":{"valueSet":[1,2,3,4,5,6,7,8,9,10,11,12,13,14,15,16,17,18,19,20,21,22,23,24,25,26]}},"executeCommand":{"dynamicRegistration":true},"configuration":true,"workspaceFolders":true},"textDocument":{"publishDiagnostics":{"relatedInformation":true},"synchronization":{"dynamicRegistration":true,"willSave":true,"willSaveWaitUntil":true,"didSave":true},"completion":{"dynamicRegistration":true,"contextSupport":true,"completionItem":{"snippetSupport":true,"commitCharactersSupport":true,"documentationFormat":["markdown","plaintext"],"deprecatedSupport":true,"preselectSupport":true},"completionItemKind":{"valueSet":[1,2,3,4,5,6,7,8,9,10,11,12,13,14,15,16,17,18,19,20,21,22,23,24,25]}},"hover":{"dynamicRegistration":true,"contentFormat":["markdown","plaintext"]},"signatureHelp":{"dynamicRegistration":true,"signatureInformation":{"documentationFormat":["markdown","plaintext"],"parameterInformation":{"labelOffsetSupport":true}}},"definition":{"dynamicRegistration":true,"linkSupport":true},"references":{"dynamicRegistration":true},"documentHighlight":{"dynamicRegistration":true},"documentSymbol":{"dynamicRegistration":true,"symbolKind":{"valueSet":[1,2,3,4,5,6,7,8,9,10,11,12,13,14,15,16,17,18,19,20,21,22,23,24,25,26]},"hierarchicalDocumentSymbolSupport":true},"codeAction":{"dynamicRegistration":true,"codeActionLiteralSupport":{"codeActionKind":{"valueSet":["","quickfix","refactor","refactor.extract","refactor.inline","refactor.rewrite","source","source.organizeImports"]}}},"codeLens":{"dynamicRegistration":true},"formatting":{"dynamicRegistration":true},"rangeFormatting":{"dynamicRegistration":true},"onTypeFormatting":{"dynamicRegistration":true},"rename":{"dynamicRegistration":true,"prepareSupport":true},"documentLink":{"dynamicRegistration":true},"typeDefinition":{"dynamicRegistration":true,"linkSupport":true},"implementation":{"dynamicRegistration":true,"linkSupport":true},"colorProvider":{"dynamicRegistration":true},"foldingRange":{"dynamicRegistration":true,"rangeLimit":5000,"lineFoldingOnly":true},"declaration":{"dynamicRegistration":true,"linkSupport":true}}},"initializationOptions":{"rootModulePaths":[]},"trace":"off","workspaceFolders":[{"uri":"file:///home/neeraj/Work/brandine","name":"brandine"},{"uri":"file:///home/neeraj/Work/cletus","name":"cletus"},{"uri":"file:///home/neeraj/Work/goofball","name":"goofball"},{"uri":"file:///home/neeraj/Work/mojo-the-helper-monkey","name":"mojo-the-helper-monkey"},{"uri":"file:///home/neeraj/Work/todd","name":"todd"}]}
2020/08/17 13:50:21 rpc_logger.go:29: Incoming request for "initialize" (ID 0): {"processId":6626,"rootPath":"/home/neeraj/Work/brandine","rootUri":"file:///home/neeraj/Work/brandine","capabilities":{"workspace":{"applyEdit":true,"workspaceEdit":{"documentChanges":true,"resourceOperations":["create","rename","delete"],"failureHandling":"textOnlyTransactional"},"didChangeConfiguration":{"dynamicRegistration":true},"didChangeWatchedFiles":{"dynamicRegistration":true},"symbol":{"dynamicRegistration":true,"symbolKind":{"valueSet":[1,2,3,4,5,6,7,8,9,10,11,12,13,14,15,16,17,18,19,20,21,22,23,24,25,26]}},"executeCommand":{"dynamicRegistration":true},"configuration":true,"workspaceFolders":true},"textDocument":{"publishDiagnostics":{"relatedInformation":true},"synchronization":{"dynamicRegistration":true,"willSave":true,"willSaveWaitUntil":true,"didSave":true},"completion":{"dynamicRegistration":true,"contextSupport":true,"completionItem":{"snippetSupport":true,"commitCharactersSupport":true,"documentationFormat":["markdown","plaintext"],"deprecatedSupport":true,"preselectSupport":true},"completionItemKind":{"valueSet":[1,2,3,4,5,6,7,8,9,10,11,12,13,14,15,16,17,18,19,20,21,22,23,24,25]}},"hover":{"dynamicRegistration":true,"contentFormat":["markdown","plaintext"]},"signatureHelp":{"dynamicRegistration":true,"signatureInformation":{"documentationFormat":["markdown","plaintext"],"parameterInformation":{"labelOffsetSupport":true}}},"definition":{"dynamicRegistration":true,"linkSupport":true},"references":{"dynamicRegistration":true},"documentHighlight":{"dynamicRegistration":true},"documentSymbol":{"dynamicRegistration":true,"symbolKind":{"valueSet":[1,2,3,4,5,6,7,8,9,10,11,12,13,14,15,16,17,18,19,20,21,22,23,24,25,26]},"hierarchicalDocumentSymbolSupport":true},"codeAction":{"dynamicRegistration":true,"codeActionLiteralSupport":{"codeActionKind":{"valueSet":["","quickfix","refactor","refactor.extract","refactor.inline","refactor.rewrite","source","source.organizeImports"]}}},"codeLens":{"dynamicRegistration":true},"formatting":{"dynamicRegistration":true},"rangeFormatting":{"dynamicRegistration":true},"onTypeFormatting":{"dynamicRegistration":true},"rename":{"dynamicRegistration":true,"prepareSupport":true},"documentLink":{"dynamicRegistration":true},"typeDefinition":{"dynamicRegistration":true,"linkSupport":true},"implementation":{"dynamicRegistration":true,"linkSupport":true},"colorProvider":{"dynamicRegistration":true},"foldingRange":{"dynamicRegistration":true,"rangeLimit":5000,"lineFoldingOnly":true},"declaration":{"dynamicRegistration":true,"linkSupport":true}}},"initializationOptions":{"rootModulePaths":[]},"trace":"off","workspaceFolders":[{"uri":"file:///home/neeraj/Work/brandine","name":"brandine"},{"uri":"file:///home/neeraj/Work/cletus","name":"cletus"},{"uri":"file:///home/neeraj/Work/goofball","name":"goofball"},{"uri":"file:///home/neeraj/Work/mojo-the-helper-monkey","name":"mojo-the-helper-monkey"},{"uri":"file:///home/neeraj/Work/todd","name":"todd"}]}
2020/08/17 13:50:21 walker.go:96: asynchronously walking through /home/neeraj/Work/brandine
2020/08/17 13:50:21 rpc_logger.go:50: Response to "initialize" (ID 0): {"capabilities":{"textDocumentSync":{"openClose":true,"change":2},"completionProvider":{},"documentFormattingProvider":true}}
2020/08/17 13:50:21 server.go:237: Completed 1 requests [778.673µs elapsed]
2020/08/17 13:50:21 walker.go:152: skipping /home/neeraj/Work/brandine/.git
2020/08/17 13:50:21 walker.go:152: skipping /home/neeraj/Work/brandine/.idea
2020/08/17 13:50:21 server.go:559: Received 1 new requests
2020/08/17 13:50:21 server.go:174: Processing 1 requests
2020/08/17 13:50:21 server.go:256: Checking request for "initialized": {}
2020/08/17 13:50:21 rpc_logger.go:29: Incoming notification for "initialized": {}
2020/08/17 13:50:21 walker.go:158: walking of /home/neeraj/Work/brandine finished
2020/08/17 13:50:21 walker.go:65: stopping walker
2020/08/17 13:50:21 walker.go:102: async walking through /home/neeraj/Work/brandine finished
2020/08/17 13:50:26 service.go:81: Root modules waiting to be loaded: 0
2020/08/17 13:50:31 service.go:81: Root modules waiting to be loaded: 0
2020/08/17 13:50:36 service.go:81: Root modules waiting to be loaded: 0
2020/08/17 13:50:41 service.go:81: Root modules waiting to be loaded: 0
2020/08/17 13:50:45 server.go:559: Received 1 new requests
2020/08/17 13:50:45 server.go:174: Processing 1 requests
2020/08/17 13:50:45 server.go:256: Checking request for "$/setTraceNotification": {"value":"off"}
2020/08/17 13:50:45 server.go:284: Task error: [-32601] no such method "$/setTraceNotification"
2020/08/17 13:50:46 service.go:81: Root modules waiting to be loaded: 0
2020/08/17 13:50:51 service.go:81: Root modules waiting to be loaded: 0
2020/08/17 13:50:56 service.go:81: Root modules waiting to be loaded: 0
2020/08/17 13:51:01 service.go:81: Root modules waiting to be loaded: 0
2020/08/17 13:51:06 service.go:81: Root modules waiting to be loaded: 0
2020/08/17 13:51:11 service.go:81: Root modules waiting to be loaded: 0
2020/08/17 13:51:16 service.go:81: Root modules waiting to be loaded: 0
2020/08/17 13:51:21 service.go:81: Root modules waiting to be loaded: 0
2020/08/17 13:51:26 service.go:81: Root modules waiting to be loaded: 0
2020/08/17 13:51:31 service.go:81: Root modules waiting to be loaded: 0
2020/08/17 13:51:36 service.go:81: Root modules waiting to be loaded: 0
2020/08/17 13:51:41 service.go:81: Root modules waiting to be loaded: 0
2020/08/17 13:51:46 service.go:81: Root modules waiting to be loaded: 0
2020/08/17 13:51:51 service.go:81: Root modules waiting to be loaded: 0
2020/08/17 13:51:56 service.go:81: Root modules waiting to be loaded: 0
2020/08/17 13:52:01 service.go:81: Root modules waiting to be loaded: 0
2020/08/17 13:52:06 service.go:81: Root modules waiting to be loaded: 0
2020/08/17 13:52:10 server.go:559: Received 1 new requests
2020/08/17 13:52:10 server.go:174: Processing 1 requests
2020/08/17 13:52:10 server.go:256: Checking request for "$/setTraceNotification": {"value":"off"}
2020/08/17 13:52:10 server.go:284: Task error: [-32601] no such method "$/setTraceNotification"
2020/08/17 13:52:11 service.go:81: Root modules waiting to be loaded: 0
2020/08/17 13:52:16 service.go:81: Root modules waiting to be loaded: 0
2020/08/17 13:52:18 server.go:559: Received 1 new requests
2020/08/17 13:52:18 server.go:174: Processing 1 requests
2020/08/17 13:52:18 server.go:256: Checking request for "$/setTraceNotification": {"value":"off"}
2020/08/17 13:52:18 server.go:284: Task error: [-32601] no such method "$/setTraceNotification"
2020/08/17 13:52:21 service.go:81: Root modules waiting to be loaded: 0
2020/08/17 13:52:26 service.go:81: Root modules waiting to be loaded: 0
2020/08/17 13:52:29 server.go:559: Received 1 new requests
2020/08/17 13:52:29 server.go:174: Processing 1 requests
2020/08/17 13:52:29 server.go:256: Checking request for "$/setTraceNotification": {"value":"off"}
2020/08/17 13:52:29 server.go:284: Task error: [-32601] no such method "$/setTraceNotification"
2020/08/17 13:52:31 service.go:81: Root modules waiting to be loaded: 0
2020/08/17 13:52:33 server.go:559: Received 1 new requests
2020/08/17 13:52:33 server.go:174: Processing 1 requests
2020/08/17 13:52:33 server.go:256: Checking request for "$/setTraceNotification": {"value":"off"}
2020/08/17 13:52:33 server.go:284: Task error: [-32601] no such method "$/setTraceNotification"
2020/08/17 13:52:36 service.go:81: Root modules waiting to be loaded: 0
2020/08/17 13:52:40 server.go:559: Received 1 new requests
2020/08/17 13:52:40 server.go:174: Processing 1 requests
2020/08/17 13:52:40 server.go:256: Checking request for "shutdown": 
2020/08/17 13:52:40 rpc_logger.go:29: Incoming request for "shutdown" (ID 1): 
2020/08/17 13:52:40 service.go:261: stopping walker for session ...
2020/08/17 13:52:40 service.go:263: walker stopped
2020/08/17 13:52:40 service.go:267: stopping watcher for session ...
2020/08/17 13:52:40 service.go:272: watcher stopped
2020/08/17 13:52:40 service.go:277: cancelling any root module loading ...
2020/08/17 13:52:40 service.go:279: root module loading cancelled
2020/08/17 13:52:40 rpc_logger.go:50: Response to "shutdown" (ID 1): null
2020/08/17 13:52:40 server.go:237: Completed 1 requests [7.362842ms elapsed]
2020/08/17 13:52:40 server.go:559: Received 1 new requests
2020/08/17 13:52:40 server.go:174: Processing 1 requests
2020/08/17 13:52:40 server.go:256: Checking request for "exit": 
2020/08/17 13:52:40 rpc_logger.go:29: Incoming notification for "exit": 
