Looking for git in: git
Using git 2.27.0 from git
> git rev-parse --git-dir
Open repository: /home/neeraj/Work/brandine
> git status -z -u
> git symbolic-ref --short HEAD
> git rev-parse neeraj/GTD-857_Sort_Recent_Activity_lastest_first
> git rev-parse --symbolic-full-name neeraj/GTD-857_Sort_Recent_Activity_lastest_first@{u}
fatal: no upstream configured for branch 'neeraj/GTD-857_Sort_Recent_Activity_lastest_first'
> git for-each-ref --sort -committerdate --format %(refname) %(objectname)
> git remote --verbose
> git config --get commit.template
> git rev-parse --git-dir
Open repository: /home/neeraj/Work/cletus
> git status -z -u
> git symbolic-ref --short HEAD
> git rev-parse neeraj/GTD-852_fix_Radaris_target
> git rev-parse --symbolic-full-name neeraj/GTD-852_fix_Radaris_target@{u}
fatal: no upstream configured for branch 'neeraj/GTD-852_fix_Radaris_target'
> git for-each-ref --sort -committerdate --format %(refname) %(objectname)
> git remote --verbose
> git config --get commit.template
> git rev-parse --git-dir
Open repository: /home/neeraj/Work/goofball
> git status -z -u
> git symbolic-ref --short HEAD
> git rev-parse master
> git rev-parse --symbolic-full-name master@{u}
> git rev-list --left-right master...refs/remotes/origin/master
> git for-each-ref --sort -committerdate --format %(refname) %(objectname)
> git remote --verbose
> git config --get commit.template
> git rev-parse --git-dir
Open repository: /home/neeraj/Work/mojo-the-helper-monkey
> git status -z -u
> git symbolic-ref --short HEAD
> git rev-parse neeraj/GTD-852_fix_Radaris_target
> git rev-parse --symbolic-full-name neeraj/GTD-852_fix_Radaris_target@{u}
fatal: no upstream configured for branch 'neeraj/GTD-852_fix_Radaris_target'
> git for-each-ref --sort -committerdate --format %(refname) %(objectname)
> git remote --verbose
> git config --get commit.template
> git rev-parse --git-dir
Open repository: /home/neeraj/Work/todd
> git status -z -u
> git symbolic-ref --short HEAD
> git rev-parse neeraj/GTD-857_Sort_Recent_Activity_lastest_first
> git rev-parse --symbolic-full-name neeraj/GTD-857_Sort_Recent_Activity_lastest_first@{u}
fatal: no upstream configured for branch 'neeraj/GTD-857_Sort_Recent_Activity_lastest_first'
> git for-each-ref --sort -committerdate --format %(refname) %(objectname)
> git remote --verbose
> git config --get commit.template
> git rev-parse --git-dir
Open repository: /home/neeraj/Personal/opensource/expirements/dwm-6.2
> git status -z -u
> git symbolic-ref --short HEAD
> git rev-parse master
> git rev-parse --symbolic-full-name master@{u}
> git rev-list --left-right master...refs/remotes/origin/master
> git for-each-ref --sort -committerdate --format %(refname) %(objectname)
> git remote --verbose
> git config --get commit.template
> git check-ignore -v -z --stdin
> git check-ignore -v -z --stdin
> git check-ignore -v -z --stdin
> git check-ignore -v -z --stdin
> git check-ignore -v -z --stdin
> git show --textconv :src/containers/dashboard/Overview.jsx
> git ls-files --stage -- /home/neeraj/Work/todd/src/containers/dashboard/Overview.jsx
> git cat-file -s 9915b66a8ca8727bf306aa029e7ef5e108f7aee6
> git show --textconv :src/containers/dashboard/Overview.jsx
> git ls-files --stage -- /home/neeraj/Work/todd/src/containers/dashboard/Overview.jsx
> git cat-file -s 9915b66a8ca8727bf306aa029e7ef5e108f7aee6
> git show --textconv :src/containers/dashboard/Overview.jsx
> git ls-files --stage -- /home/neeraj/Work/todd/src/containers/dashboard/Overview.jsx
> git cat-file -s 9915b66a8ca8727bf306aa029e7ef5e108f7aee6
> git show --textconv :src/containers/dashboard/Overview.jsx
> git ls-files --stage -- /home/neeraj/Work/todd/src/containers/dashboard/Overview.jsx
> git cat-file -s 9915b66a8ca8727bf306aa029e7ef5e108f7aee6
> git log --format=%H%n%aN%n%aE%n%at%n%ct%n%P%n%B -z -n21 -- /home/neeraj/Work/todd/src/containers/dashboard/Overview.jsx
