[2020-08-17 13:52:47.766] [exthost] [info] extension host started
[2020-08-17 13:52:47.781] [exthost] [info] ExtensionService#_doActivateExtension vscode.debug-auto-launch {"startup":true,"extensionId":{"value":"vscode.debug-auto-launch","_lower":"vscode.debug-auto-launch"},"activationEvent":"*"}
[2020-08-17 13:52:47.781] [exthost] [info] ExtensionService#loadCommonJSModule file:///usr/share/vscodium-bin/resources/app/extensions/debug-auto-launch/dist/extension
[2020-08-17 13:52:47.783] [exthost] [info] ExtensionService#_doActivateExtension vscode.emmet {"startup":true,"extensionId":{"value":"vscode.emmet","_lower":"vscode.emmet"},"activationEvent":"*"}
[2020-08-17 13:52:47.783] [exthost] [info] ExtensionService#loadCommonJSModule file:///usr/share/vscodium-bin/resources/app/extensions/emmet/dist/node/emmetNodeMain
[2020-08-17 13:52:47.790] [exthost] [info] ExtensionService#_doActivateExtension vscode.git {"startup":true,"extensionId":{"value":"vscode.github","_lower":"vscode.github"},"activationEvent":"*"}
[2020-08-17 13:52:47.790] [exthost] [info] ExtensionService#loadCommonJSModule file:///usr/share/vscodium-bin/resources/app/extensions/git/dist/main
[2020-08-17 13:52:47.803] [exthost] [info] ExtensionService#_doActivateExtension vscode.github-authentication {"startup":true,"extensionId":{"value":"vscode.github-authentication","_lower":"vscode.github-authentication"},"activationEvent":"*"}
[2020-08-17 13:52:47.803] [exthost] [info] ExtensionService#loadCommonJSModule file:///usr/share/vscodium-bin/resources/app/extensions/github-authentication/dist/extension.js
[2020-08-17 13:52:47.806] [exthost] [info] ExtensionService#_doActivateExtension vscode.merge-conflict {"startup":true,"extensionId":{"value":"vscode.merge-conflict","_lower":"vscode.merge-conflict"},"activationEvent":"*"}
[2020-08-17 13:52:47.806] [exthost] [info] ExtensionService#loadCommonJSModule file:///usr/share/vscodium-bin/resources/app/extensions/merge-conflict/dist/mergeConflictMain
[2020-08-17 13:52:47.807] [exthost] [info] ExtensionService#_doActivateExtension vscode.microsoft-authentication {"startup":true,"extensionId":{"value":"vscode.microsoft-authentication","_lower":"vscode.microsoft-authentication"},"activationEvent":"*"}
[2020-08-17 13:52:47.807] [exthost] [info] ExtensionService#loadCommonJSModule file:///usr/share/vscodium-bin/resources/app/extensions/microsoft-authentication/dist/extension.js
[2020-08-17 13:52:47.811] [exthost] [info] ExtensionService#_doActivateExtension vscode.search-result {"startup":true,"extensionId":{"value":"vscode.search-result","_lower":"vscode.search-result"},"activationEvent":"*"}
[2020-08-17 13:52:47.811] [exthost] [info] ExtensionService#loadCommonJSModule file:///usr/share/vscodium-bin/resources/app/extensions/search-result/dist/extension.js
[2020-08-17 13:52:47.812] [exthost] [info] ExtensionService#_doActivateExtension dbaeumer.vscode-eslint {"startup":true,"extensionId":{"value":"dbaeumer.vscode-eslint","_lower":"dbaeumer.vscode-eslint"},"activationEvent":"*"}
[2020-08-17 13:52:47.812] [exthost] [info] ExtensionService#loadCommonJSModule file:///home/neeraj/.vscode-oss/extensions/dbaeumer.vscode-eslint-2.1.8/client/out/extension
[2020-08-17 13:52:47.816] [exthost] [info] ExtensionService#_doActivateExtension eamodio.gitlens {"startup":true,"extensionId":{"value":"eamodio.gitlens","_lower":"eamodio.gitlens"},"activationEvent":"*"}
[2020-08-17 13:52:47.816] [exthost] [info] ExtensionService#loadCommonJSModule file:///home/neeraj/.vscode-oss/extensions/eamodio.gitlens-10.2.2/dist/extension
[2020-08-17 13:52:47.834] [exthost] [info] ExtensionService#_doActivateExtension esbenp.prettier-vscode {"startup":true,"extensionId":{"value":"esbenp.prettier-vscode","_lower":"esbenp.prettier-vscode"},"activationEvent":"*"}
[2020-08-17 13:52:47.834] [exthost] [info] ExtensionService#loadCommonJSModule file:///home/neeraj/.vscode-oss/extensions/esbenp.prettier-vscode-5.1.3/dist/extension
[2020-08-17 13:52:47.885] [exthost] [info] ExtensionService#_doActivateExtension JackVandergriff.xresources-theme {"startup":true,"extensionId":{"value":"JackVandergriff.xresources-theme","_lower":"jackvandergriff.xresources-theme"},"activationEvent":"*"}
[2020-08-17 13:52:47.885] [exthost] [info] ExtensionService#loadCommonJSModule file:///home/neeraj/.vscode-oss/extensions/jackvandergriff.xresources-theme-1.1.0/out/extension.js
[2020-08-17 13:52:47.890] [exthost] [info] ExtensionService#_doActivateExtension vscode-icons-team.vscode-icons {"startup":true,"extensionId":{"value":"vscode-icons-team.vscode-icons","_lower":"vscode-icons-team.vscode-icons"},"activationEvent":"*"}
[2020-08-17 13:52:47.891] [exthost] [info] ExtensionService#loadCommonJSModule file:///home/neeraj/.vscode-oss/extensions/vscode-icons-team.vscode-icons-10.2.0/dist/src/vscode-icons.bundle.js
[2020-08-17 13:52:47.905] [exthost] [info] ExtensionService#_doActivateExtension zhuangtongfa.material-theme {"startup":true,"extensionId":{"value":"zhuangtongfa.material-theme","_lower":"zhuangtongfa.material-theme"},"activationEvent":"*"}
[2020-08-17 13:52:47.905] [exthost] [info] ExtensionService#loadCommonJSModule file:///home/neeraj/.vscode-oss/extensions/zhuangtongfa.material-theme-3.8.5/out/extension.js
[2020-08-17 13:52:47.915] [exthost] [info] ExtensionService#_doActivateExtension vscode.npm {"startup":true,"extensionId":{"value":"vscode.npm","_lower":"vscode.npm"},"activationEvent":"workspaceContains:package.json"}
[2020-08-17 13:52:47.915] [exthost] [info] ExtensionService#loadCommonJSModule file:///usr/share/vscodium-bin/resources/app/extensions/npm/dist/npmMain
[2020-08-17 13:52:48.021] [exthost] [error] Activating extension JackVandergriff.xresources-theme failed due to an error:
[2020-08-17 13:52:48.023] [exthost] [error] Error: ENOENT: no such file or directory, watch '/home/neeraj/.Xresources'
	at FSWatcher.start (internal/fs/watchers.js:165:26)
	at Object.watch (fs.js:1270:11)
	at autoUpdate (/home/neeraj/.vscode-oss/extensions/jackvandergriff.xresources-theme-1.1.0/out/extension.js:148:19)
	at /home/neeraj/.vscode-oss/extensions/jackvandergriff.xresources-theme-1.1.0/out/extension.js:54:33
	at Generator.next (<anonymous>)
	at /home/neeraj/.vscode-oss/extensions/jackvandergriff.xresources-theme-1.1.0/out/extension.js:8:71
	at new Promise (<anonymous>)
	at __awaiter (/home/neeraj/.vscode-oss/extensions/jackvandergriff.xresources-theme-1.1.0/out/extension.js:4:12)
	at activate (/home/neeraj/.vscode-oss/extensions/jackvandergriff.xresources-theme-1.1.0/out/extension.js:41:12)
	at Function._callActivateOptional (/usr/share/vscodium-bin/resources/app/out/vs/workbench/services/extensions/node/extensionHostProcess.js:877:509)
	at Function._callActivate (/usr/share/vscodium-bin/resources/app/out/vs/workbench/services/extensions/node/extensionHostProcess.js:877:160)
	at /usr/share/vscodium-bin/resources/app/out/vs/workbench/services/extensions/node/extensionHostProcess.js:875:492
	at processTicksAndRejections (internal/process/task_queues.js:85:5)
	at async Promise.all (index 10)
	at async Promise.all (index 0)
[2020-08-17 13:52:48.171] [exthost] [info] ExtensionService#_doActivateExtension hashicorp.terraform {"startup":true,"extensionId":{"value":"hashicorp.terraform","_lower":"hashicorp.terraform"},"activationEvent":"workspaceContains:**/*.tf"}
[2020-08-17 13:52:48.172] [exthost] [info] ExtensionService#loadCommonJSModule file:///home/neeraj/.vscode-oss/extensions/hashicorp.terraform-2.1.1/out/extension
[2020-08-17 13:52:49.246] [exthost] [info] ExtensionService#_doActivateExtension vscode.github {"startup":true,"extensionId":{"value":"vscode.github","_lower":"vscode.github"},"activationEvent":"*"}
[2020-08-17 13:52:49.246] [exthost] [info] ExtensionService#loadCommonJSModule file:///usr/share/vscodium-bin/resources/app/extensions/github/dist/extension.js
[2020-08-17 13:52:49.249] [exthost] [info] eager extensions activated
[2020-08-17 13:53:22.048] [exthost] [info] ExtensionService#_doActivateExtension vscode.configuration-editing {"startup":false,"extensionId":{"value":"vscode.configuration-editing","_lower":"vscode.configuration-editing"},"activationEvent":"onLanguage:jsonc"}
[2020-08-17 13:53:22.048] [exthost] [info] ExtensionService#loadCommonJSModule file:///usr/share/vscodium-bin/resources/app/extensions/configuration-editing/dist/configurationEditingMain
[2020-08-17 13:53:22.049] [exthost] [info] ExtensionService#_doActivateExtension vscode.json-language-features {"startup":false,"extensionId":{"value":"vscode.json-language-features","_lower":"vscode.json-language-features"},"activationEvent":"onLanguage:jsonc"}
[2020-08-17 13:53:22.049] [exthost] [info] ExtensionService#loadCommonJSModule file:///usr/share/vscodium-bin/resources/app/extensions/json-language-features/client/dist/node/jsonClientMain
[2020-08-17 13:53:22.057] [exthost] [info] ExtensionService#_doActivateExtension vscode.typescript-language-features {"startup":false,"extensionId":{"value":"vscode.typescript-language-features","_lower":"vscode.typescript-language-features"},"activationEvent":"onLanguage:jsonc"}
[2020-08-17 13:53:22.057] [exthost] [info] ExtensionService#loadCommonJSModule file:///usr/share/vscodium-bin/resources/app/extensions/typescript-language-features/dist/extension
[2020-08-17 13:57:34.221] [exthost] [info] ExtensionService#_doActivateExtension vscode.extension-editing {"startup":false,"extensionId":{"value":"vscode.extension-editing","_lower":"vscode.extension-editing"},"activationEvent":"onLanguage:json"}
[2020-08-17 13:57:34.221] [exthost] [info] ExtensionService#loadCommonJSModule file:///usr/share/vscodium-bin/resources/app/extensions/extension-editing/dist/extensionEditingMain
[2020-08-17 13:57:34.231] [exthost] [info] ExtensionService#_doActivateExtension ms-vscode.js-debug {"startup":false,"extensionId":{"value":"ms-vscode.js-debug","_lower":"ms-vscode.js-debug"},"activationEvent":"onLanguage:json"}
[2020-08-17 13:57:34.231] [exthost] [info] ExtensionService#loadCommonJSModule file:///usr/share/vscodium-bin/resources/app/extensions/ms-vscode.js-debug/src/extension.js
